[0.845s] Invoking command in '/home/jeffrey/ros_poc/ros2_ws/src/my_package': DEBUGINFOD_URLS=https://debuginfod.ubuntu.com PYTHONPATH=/home/jeffrey/ros_poc/ros2_ws/build/my_package/prefix_override:/usr/lib/python3/dist-packages/colcon_core/task/python/colcon_distutils_commands:/home/jeffrey/ros_poc/ros2_ws/install/my_package/lib/python3.12/site-packages:${PYTHONPATH} /usr/bin/python3 -W ignore:setup.py install is deprecated -W ignore:easy_install command is deprecated setup.py egg_info --egg-base ../../build/my_package build --build-base /home/jeffrey/ros_poc/ros2_ws/build/my_package/build install --record /home/jeffrey/ros_poc/ros2_ws/build/my_package/install.log --single-version-externally-managed install_data
[1.133s] running egg_info
[1.133s] creating ../../build/my_package/my_package.egg-info
[1.153s] writing ../../build/my_package/my_package.egg-info/PKG-INFO
[1.153s] writing dependency_links to ../../build/my_package/my_package.egg-info/dependency_links.txt
[1.153s] writing entry points to ../../build/my_package/my_package.egg-info/entry_points.txt
[1.154s] writing requirements to ../../build/my_package/my_package.egg-info/requires.txt
[1.154s] writing top-level names to ../../build/my_package/my_package.egg-info/top_level.txt
[1.154s] writing manifest file '../../build/my_package/my_package.egg-info/SOURCES.txt'
[1.194s] reading manifest file '../../build/my_package/my_package.egg-info/SOURCES.txt'
[1.194s] adding license file 'LICENSE'
[1.195s] writing manifest file '../../build/my_package/my_package.egg-info/SOURCES.txt'
[1.195s] running build
[1.196s] running build_py
[1.196s] creating /home/jeffrey/ros_poc/ros2_ws/build/my_package/build
[1.196s] creating /home/jeffrey/ros_poc/ros2_ws/build/my_package/build/lib
[1.196s] creating /home/jeffrey/ros_poc/ros2_ws/build/my_package/build/lib/my_package
[1.196s] copying my_package/__init__.py -> /home/jeffrey/ros_poc/ros2_ws/build/my_package/build/lib/my_package
[1.196s] copying my_package/my_robot_driver.py -> /home/jeffrey/ros_poc/ros2_ws/build/my_package/build/lib/my_package
[1.196s] running install
[1.202s] running install_lib
[1.223s] creating /home/jeffrey/ros_poc/ros2_ws/install/my_package/lib/python3.12/site-packages/my_package
[1.223s] copying /home/jeffrey/ros_poc/ros2_ws/build/my_package/build/lib/my_package/__init__.py -> /home/jeffrey/ros_poc/ros2_ws/install/my_package/lib/python3.12/site-packages/my_package
[1.223s] copying /home/jeffrey/ros_poc/ros2_ws/build/my_package/build/lib/my_package/my_robot_driver.py -> /home/jeffrey/ros_poc/ros2_ws/install/my_package/lib/python3.12/site-packages/my_package
[1.224s] byte-compiling /home/jeffrey/ros_poc/ros2_ws/install/my_package/lib/python3.12/site-packages/my_package/__init__.py to __init__.cpython-312.pyc
[1.224s] byte-compiling /home/jeffrey/ros_poc/ros2_ws/install/my_package/lib/python3.12/site-packages/my_package/my_robot_driver.py to my_robot_driver.cpython-312.pyc
[1.225s] running install_data
[1.225s] creating /home/jeffrey/ros_poc/ros2_ws/install/my_package/share/ament_index
[1.225s] creating /home/jeffrey/ros_poc/ros2_ws/install/my_package/share/ament_index/resource_index
[1.225s] creating /home/jeffrey/ros_poc/ros2_ws/install/my_package/share/ament_index/resource_index/packages
[1.225s] copying resource/my_package -> /home/jeffrey/ros_poc/ros2_ws/install/my_package/share/ament_index/resource_index/packages
[1.226s] creating /home/jeffrey/ros_poc/ros2_ws/install/my_package/share/my_package/launch
[1.226s] copying launch/robot_launch.py -> /home/jeffrey/ros_poc/ros2_ws/install/my_package/share/my_package/launch
[1.226s] creating /home/jeffrey/ros_poc/ros2_ws/install/my_package/share/my_package/worlds
[1.226s] copying worlds/my_world.wbt -> /home/jeffrey/ros_poc/ros2_ws/install/my_package/share/my_package/worlds
[1.226s] creating /home/jeffrey/ros_poc/ros2_ws/install/my_package/share/my_package/resource
[1.226s] copying resource/my_robot.urdf -> /home/jeffrey/ros_poc/ros2_ws/install/my_package/share/my_package/resource
[1.227s] copying package.xml -> /home/jeffrey/ros_poc/ros2_ws/install/my_package/share/my_package
[1.227s] running install_egg_info
[1.247s] Copying ../../build/my_package/my_package.egg-info to /home/jeffrey/ros_poc/ros2_ws/install/my_package/lib/python3.12/site-packages/my_package-0.0.0-py3.12.egg-info
[1.248s] running install_scripts
[1.384s] Installing my_robot_driver script to /home/jeffrey/ros_poc/ros2_ws/install/my_package/lib/my_package
[1.384s] writing list of installed files to '/home/jeffrey/ros_poc/ros2_ws/build/my_package/install.log'
[1.403s] Invoked command in '/home/jeffrey/ros_poc/ros2_ws/src/my_package' returned '0': DEBUGINFOD_URLS=https://debuginfod.ubuntu.com PYTHONPATH=/home/jeffrey/ros_poc/ros2_ws/build/my_package/prefix_override:/usr/lib/python3/dist-packages/colcon_core/task/python/colcon_distutils_commands:/home/jeffrey/ros_poc/ros2_ws/install/my_package/lib/python3.12/site-packages:${PYTHONPATH} /usr/bin/python3 -W ignore:setup.py install is deprecated -W ignore:easy_install command is deprecated setup.py egg_info --egg-base ../../build/my_package build --build-base /home/jeffrey/ros_poc/ros2_ws/build/my_package/build install --record /home/jeffrey/ros_poc/ros2_ws/build/my_package/install.log --single-version-externally-managed install_data
